[INFO] Scanning for projects...
[INFO] 
[INFO] -----------------< com.example:tengyun-api-interface >------------------
[INFO] Building tengyun-api-interface 0.0.1-SNAPSHOT
[INFO]   from pom.xml
[INFO] --------------------------------[ jar ]---------------------------------
[INFO] 
[INFO] >>> spring-boot:3.0.5:run (default-cli) > test-compile @ tengyun-api-interface >>>
[INFO] 
[INFO] --- resources:3.3.0:resources (default-resources) @ tengyun-api-interface ---
[INFO] Copying 1 resource
[INFO] Copying 0 resource
[INFO] 
[INFO] --- compiler:3.10.1:compile (default-compile) @ tengyun-api-interface ---
[INFO] Nothing to compile - all classes are up to date
[INFO] 
[INFO] --- resources:3.3.0:testResources (default-testResources) @ tengyun-api-interface ---
[INFO] skip non existing resourceDirectory G:\aaabbb\sky-take-out\tengyun-api-parent\tengyun-api-interface\src\test\resources
[INFO] 
[INFO] --- compiler:3.10.1:testCompile (default-testCompile) @ tengyun-api-interface ---
[INFO] Nothing to compile - all classes are up to date
[INFO] 
[INFO] <<< spring-boot:3.0.5:run (default-cli) < test-compile @ tengyun-api-interface <<<
[INFO] 
[INFO] 
[INFO] --- spring-boot:3.0.5:run (default-cli) @ tengyun-api-interface ---
[INFO] Attaching agents: []

  .   ____          _            __ _ _
 /\\ / ___'_ __ _ _(_)_ __  __ _ \ \ \ \
( ( )\___ | '_ | '_| | '_ \/ _` | \ \ \ \
 \\/  ___)| |_)| | | | | || (_| |  ) ) ) )
  '  |____| .__|_| |_|_| |_\__, | / / / /
 =========|_|==============|___/=/_/_/_/
 :: Spring Boot ::                (v3.0.5)

2026-04-15T03:19:21.700-08:00  INFO 19920 --- [           main] c.e.t.TengyunApiInterfaceApplication     : Starting TengyunApiInterfaceApplication using Java 17.0.2 with PID 19920 (G:\aaabbb\sky-take-out\tengyun-api-parent\tengyun-api-interface\target\classes started by mlqnb in G:\aaabbb\sky-take-out\tengyun-api-parent\tengyun-api-interface)
2026-04-15T03:19:21.703-08:00  INFO 19920 --- [           main] c.e.t.TengyunApiInterfaceApplication     : No active profile set, falling back to 1 default profile: "default"
2026-04-15T03:19:22.260-08:00  INFO 19920 --- [           main] o.s.b.w.embedded.tomcat.TomcatWebServer  : Tomcat initialized with port(s): 8123 (http)
2026-04-15T03:19:22.273-08:00  INFO 19920 --- [           main] o.apache.catalina.core.StandardService   : Starting service [Tomcat]
2026-04-15T03:19:22.273-08:00  INFO 19920 --- [           main] o.apache.catalina.core.StandardEngine    : Starting Servlet engine: [Apache Tomcat/10.1.7]
2026-04-15T03:19:22.334-08:00  INFO 19920 --- [           main] o.a.c.c.C.[Tomcat].[localhost].[/]       : Initializing Spring embedded WebApplicationContext
2026-04-15T03:19:22.335-08:00  INFO 19920 --- [           main] w.s.c.ServletWebServerApplicationContext : Root WebApplicationContext: initialization completed in 601 ms
2026-04-15T03:19:22.584-08:00  INFO 19920 --- [           main] o.s.b.w.embedded.tomcat.TomcatWebServer  : Tomcat started on port(s): 8123 (http) with context path ''
2026-04-15T03:19:22.590-08:00  INFO 19920 --- [           main] c.e.t.TengyunApiInterfaceApplication     : Started TengyunApiInterfaceApplication in 1.122 seconds (process running for 1.311)
^C